[2024-05-31 18:08:09.822] [info] Running: "duplex" "sup,5mCG_5hmCG" "/private/groups/migalab/jmmenend/data/duplex/1_3_23_R1041_Duplex_HG002_2_pod5/"
[2024-05-31 18:08:09.865] [info] > No duplex pairs file provided, pairing will be performed automatically
[2024-05-31 18:08:17.821] [info]  - downloading dna_r10.4.1_e8.2_400bps_sup@v4.1.0 with httplib
[2024-05-31 18:08:20.279] [info]  - downloading dna_r10.4.1_e8.2_4khz_stereo@v1.1 with httplib
[2024-05-31 18:08:21.182] [info]  - downloading dna_r10.4.1_e8.2_4khz_stereo@v1.1 with httplib
[2024-05-31 18:08:21.538] [info]  - downloading dna_r10.4.1_e8.2_400bps_sup@v4.1.0_5mCG_5hmCG@v2 with httplib
[2024-05-31 18:08:39.549] [info] cuda:3 using chunk size 10000, batch size 640
[2024-05-31 18:08:39.549] [info] cuda:1 using chunk size 10000, batch size 640
[2024-05-31 18:08:40.120] [info] cuda:2 using chunk size 10000, batch size 640
[2024-05-31 18:08:40.394] [info] cuda:0 using chunk size 10000, batch size 640
[2024-05-31 18:08:44.963] [info] cuda:1 using chunk size 10000, batch size 960
[2024-05-31 18:08:44.973] [info] cuda:0 using chunk size 10000, batch size 1600
[2024-05-31 18:08:44.973] [info] cuda:3 using chunk size 10000, batch size 2240
[2024-05-31 18:08:44.973] [info] cuda:2 using chunk size 10000, batch size 960
[2024-05-31 18:08:46.927] [info] > Starting Stereo Duplex pipeline
[2024-05-31 18:08:46.987] [info] > Reading read channel info
[2024-05-31 18:08:55.105] [info] > Processed read channel info
[2024-06-01 13:06:44.864] [info] > Simplex reads basecalled: 4179728
[2024-06-01 13:06:44.869] [info] > Simplex reads filtered: 2476
[2024-06-01 13:06:44.869] [info] > Duplex reads basecalled: 1044059
[2024-06-01 13:06:44.872] [info] > Duplex rate: 55.661232%
[2024-06-01 13:06:44.872] [info] > Basecalled @ Bases/s: 1.720694e+06
